<?xml version="1.0" encoding="UTF-8"?>
<!-- Generated by org.testng.reporters.JUnitReportReporter -->
<testsuite hostname="DESKTOP-84OUAB0" name="com.cucumberFramework.testRunner.TestRunner" tests="1" failures="0" timestamp="29 May 2020 12:07:14 GMT" time="28.875" errors="0">
  <testcase name="feature" time="28.875" classname="com.cucumberFramework.testRunner.TestRunner"/>
</testsuite> <!-- com.cucumberFramework.testRunner.TestRunner -->
